  Simplecal.cpp
C:\Users\이민하\source\repos\Simplecal\Simplecal\SimplecalDlg.h(40,9): error C3646: 'm_edit2': 알 수 없는 재정의 지정자입니다.
  (소스 파일 '/Simplecal.cpp'을(를) 컴파일하는 중)
  
C:\Users\이민하\source\repos\Simplecal\Simplecal\SimplecalDlg.h(40,2): error C4430: 형식 지정자가 없습니다. int로 가정합니다. 참고: C++에서는 기본 int를 지원하지 않습니다.
  (소스 파일 '/Simplecal.cpp'을(를) 컴파일하는 중)
  
C:\Users\이민하\source\repos\Simplecal\Simplecal\SimplecalDlg.h(41,9): error C3646: 'm_edit1': 알 수 없는 재정의 지정자입니다.
  (소스 파일 '/Simplecal.cpp'을(를) 컴파일하는 중)
  
C:\Users\이민하\source\repos\Simplecal\Simplecal\SimplecalDlg.h(41,2): error C4430: 형식 지정자가 없습니다. int로 가정합니다. 참고: C++에서는 기본 int를 지원하지 않습니다.
  (소스 파일 '/Simplecal.cpp'을(를) 컴파일하는 중)
  
C:\Users\이민하\source\repos\Simplecal\Simplecal\SimplecalDlg.h(42,9): error C3646: 'm_edit3': 알 수 없는 재정의 지정자입니다.
  (소스 파일 '/Simplecal.cpp'을(를) 컴파일하는 중)
  
C:\Users\이민하\source\repos\Simplecal\Simplecal\SimplecalDlg.h(42,2): error C4430: 형식 지정자가 없습니다. int로 가정합니다. 참고: C++에서는 기본 int를 지원하지 않습니다.
  (소스 파일 '/Simplecal.cpp'을(를) 컴파일하는 중)
  
C:\Users\이민하\source\repos\Simplecal\Simplecal\SimplecalDlg.h(43,9): error C2371: 'CSimplecalDlg::m_edit1': 재정의. 기본 형식이 다릅니다.
  (소스 파일 '/Simplecal.cpp'을(를) 컴파일하는 중)
      C:\Users\이민하\source\repos\Simplecal\Simplecal\SimplecalDlg.h(37,8):
      'CSimplecalDlg::m_edit1' 선언을 참조하십시오.
  
C:\Users\이민하\source\repos\Simplecal\Simplecal\SimplecalDlg.h(45,9): error C2371: 'CSimplecalDlg::m_edit2': 재정의. 기본 형식이 다릅니다.
  (소스 파일 '/Simplecal.cpp'을(를) 컴파일하는 중)
      C:\Users\이민하\source\repos\Simplecal\Simplecal\SimplecalDlg.h(38,8):
      'CSimplecalDlg::m_edit2' 선언을 참조하십시오.
  
C:\Users\이민하\source\repos\Simplecal\Simplecal\SimplecalDlg.h(46,9): error C2371: 'CSimplecalDlg::m_edit3': 재정의. 기본 형식이 다릅니다.
  (소스 파일 '/Simplecal.cpp'을(를) 컴파일하는 중)
      C:\Users\이민하\source\repos\Simplecal\Simplecal\SimplecalDlg.h(39,8):
      'CSimplecalDlg::m_edit3' 선언을 참조하십시오.
  
C:\Users\이민하\source\repos\Simplecal\Simplecal\SimplecalDlg.h(47,8): error C2086: 'CEdit CSimplecalDlg::m_edit1': 재정의
  (소스 파일 '/Simplecal.cpp'을(를) 컴파일하는 중)
  
C:\Users\이민하\source\repos\Simplecal\Simplecal\SimplecalDlg.h(50,8): error C2086: 'CEdit CSimplecalDlg::m_edit2': 재정의
  (소스 파일 '/Simplecal.cpp'을(를) 컴파일하는 중)
  
C:\Users\이민하\source\repos\Simplecal\Simplecal\SimplecalDlg.h(51,8): error C2086: 'CEdit CSimplecalDlg::m_edit3': 재정의
  (소스 파일 '/Simplecal.cpp'을(를) 컴파일하는 중)
  
C:\Users\이민하\source\repos\Simplecal\Simplecal\SimplecalDlg.h(52,8): error C2086: 'CEdit CSimplecalDlg::m_edit1': 재정의
  (소스 파일 '/Simplecal.cpp'을(를) 컴파일하는 중)
  
C:\Users\이민하\source\repos\Simplecal\Simplecal\SimplecalDlg.h(53,8): error C2086: 'CEdit CSimplecalDlg::m_edit3': 재정의
  (소스 파일 '/Simplecal.cpp'을(를) 컴파일하는 중)
  
C:\Users\이민하\source\repos\Simplecal\Simplecal\SimplecalDlg.h(54,8): error C2086: 'CEdit CSimplecalDlg::m_edit2': 재정의
  (소스 파일 '/Simplecal.cpp'을(를) 컴파일하는 중)
  
  SimplecalDlg.cpp
C:\Users\이민하\source\repos\Simplecal\Simplecal\SimplecalDlg.h(40,9): error C3646: 'm_edit2': 알 수 없는 재정의 지정자입니다.
  (소스 파일 '/SimplecalDlg.cpp'을(를) 컴파일하는 중)
  
C:\Users\이민하\source\repos\Simplecal\Simplecal\SimplecalDlg.h(40,2): error C4430: 형식 지정자가 없습니다. int로 가정합니다. 참고: C++에서는 기본 int를 지원하지 않습니다.
  (소스 파일 '/SimplecalDlg.cpp'을(를) 컴파일하는 중)
  
C:\Users\이민하\source\repos\Simplecal\Simplecal\SimplecalDlg.h(41,9): error C3646: 'm_edit1': 알 수 없는 재정의 지정자입니다.
  (소스 파일 '/SimplecalDlg.cpp'을(를) 컴파일하는 중)
  
C:\Users\이민하\source\repos\Simplecal\Simplecal\SimplecalDlg.h(41,2): error C4430: 형식 지정자가 없습니다. int로 가정합니다. 참고: C++에서는 기본 int를 지원하지 않습니다.
  (소스 파일 '/SimplecalDlg.cpp'을(를) 컴파일하는 중)
  
C:\Users\이민하\source\repos\Simplecal\Simplecal\SimplecalDlg.h(42,9): error C3646: 'm_edit3': 알 수 없는 재정의 지정자입니다.
  (소스 파일 '/SimplecalDlg.cpp'을(를) 컴파일하는 중)
  
C:\Users\이민하\source\repos\Simplecal\Simplecal\SimplecalDlg.h(42,2): error C4430: 형식 지정자가 없습니다. int로 가정합니다. 참고: C++에서는 기본 int를 지원하지 않습니다.
  (소스 파일 '/SimplecalDlg.cpp'을(를) 컴파일하는 중)
  
C:\Users\이민하\source\repos\Simplecal\Simplecal\SimplecalDlg.h(43,9): error C2371: 'CSimplecalDlg::m_edit1': 재정의. 기본 형식이 다릅니다.
  (소스 파일 '/SimplecalDlg.cpp'을(를) 컴파일하는 중)
      C:\Users\이민하\source\repos\Simplecal\Simplecal\SimplecalDlg.h(37,8):
      'CSimplecalDlg::m_edit1' 선언을 참조하십시오.
  
C:\Users\이민하\source\repos\Simplecal\Simplecal\SimplecalDlg.h(45,9): error C2371: 'CSimplecalDlg::m_edit2': 재정의. 기본 형식이 다릅니다.
  (소스 파일 '/SimplecalDlg.cpp'을(를) 컴파일하는 중)
      C:\Users\이민하\source\repos\Simplecal\Simplecal\SimplecalDlg.h(38,8):
      'CSimplecalDlg::m_edit2' 선언을 참조하십시오.
  
C:\Users\이민하\source\repos\Simplecal\Simplecal\SimplecalDlg.h(46,9): error C2371: 'CSimplecalDlg::m_edit3': 재정의. 기본 형식이 다릅니다.
  (소스 파일 '/SimplecalDlg.cpp'을(를) 컴파일하는 중)
      C:\Users\이민하\source\repos\Simplecal\Simplecal\SimplecalDlg.h(39,8):
      'CSimplecalDlg::m_edit3' 선언을 참조하십시오.
  
C:\Users\이민하\source\repos\Simplecal\Simplecal\SimplecalDlg.h(47,8): error C2086: 'CEdit CSimplecalDlg::m_edit1': 재정의
  (소스 파일 '/SimplecalDlg.cpp'을(를) 컴파일하는 중)
  
C:\Users\이민하\source\repos\Simplecal\Simplecal\SimplecalDlg.h(50,8): error C2086: 'CEdit CSimplecalDlg::m_edit2': 재정의
  (소스 파일 '/SimplecalDlg.cpp'을(를) 컴파일하는 중)
  
C:\Users\이민하\source\repos\Simplecal\Simplecal\SimplecalDlg.h(51,8): error C2086: 'CEdit CSimplecalDlg::m_edit3': 재정의
  (소스 파일 '/SimplecalDlg.cpp'을(를) 컴파일하는 중)
  
C:\Users\이민하\source\repos\Simplecal\Simplecal\SimplecalDlg.h(52,8): error C2086: 'CEdit CSimplecalDlg::m_edit1': 재정의
  (소스 파일 '/SimplecalDlg.cpp'을(를) 컴파일하는 중)
  
C:\Users\이민하\source\repos\Simplecal\Simplecal\SimplecalDlg.h(53,8): error C2086: 'CEdit CSimplecalDlg::m_edit3': 재정의
  (소스 파일 '/SimplecalDlg.cpp'을(를) 컴파일하는 중)
  
C:\Users\이민하\source\repos\Simplecal\Simplecal\SimplecalDlg.h(54,8): error C2086: 'CEdit CSimplecalDlg::m_edit2': 재정의
  (소스 파일 '/SimplecalDlg.cpp'을(를) 컴파일하는 중)
  
C:\Users\이민하\source\repos\Simplecal\Simplecal\SimplecalDlg.cpp(55,11): error C2665: 'CEdit::CEdit': 모든 인수 형식을 변환할 수 있는 오버로드된 함수가 없습니다.
  (소스 파일 '/SimplecalDlg.cpp'을(를) 컴파일하는 중)
      C:\Program Files\Microsoft Visual Studio\2022\Community\VC\Tools\MSVC\14.43.34808\atlmfc\include\afxwin.h(3916,1):
      'CEdit::CEdit(const CEdit &)'일 수 있습니다.
          C:\Users\이민하\source\repos\Simplecal\Simplecal\SimplecalDlg.cpp(55,11):
          'CEdit::CEdit(const CEdit &)': 인수 1을(를) 'int'에서 'const CEdit &'(으)로 변환할 수 없습니다.
              C:\Users\이민하\source\repos\Simplecal\Simplecal\SimplecalDlg.cpp(55,12):
              원인: 'int'에서 'const CEdit'(으)로 변환할 수 없습니다.
      C:\Users\이민하\source\repos\Simplecal\Simplecal\SimplecalDlg.cpp(55,11):
      인수 목록 '(int)'을(를) 일치시키는 동안
  
C:\Users\이민하\source\repos\Simplecal\Simplecal\SimplecalDlg.cpp(57,11): error C2665: 'CEdit::CEdit': 모든 인수 형식을 변환할 수 있는 오버로드된 함수가 없습니다.
  (소스 파일 '/SimplecalDlg.cpp'을(를) 컴파일하는 중)
      C:\Program Files\Microsoft Visual Studio\2022\Community\VC\Tools\MSVC\14.43.34808\atlmfc\include\afxwin.h(3916,1):
      'CEdit::CEdit(const CEdit &)'일 수 있습니다.
          C:\Users\이민하\source\repos\Simplecal\Simplecal\SimplecalDlg.cpp(57,11):
          'CEdit::CEdit(const CEdit &)': 인수 1을(를) 'int'에서 'const CEdit &'(으)로 변환할 수 없습니다.
              C:\Users\이민하\source\repos\Simplecal\Simplecal\SimplecalDlg.cpp(57,12):
              원인: 'int'에서 'const CEdit'(으)로 변환할 수 없습니다.
      C:\Users\이민하\source\repos\Simplecal\Simplecal\SimplecalDlg.cpp(57,11):
      인수 목록 '(int)'을(를) 일치시키는 동안
  
C:\Users\이민하\source\repos\Simplecal\Simplecal\SimplecalDlg.cpp(58,11): error C2665: 'CEdit::CEdit': 모든 인수 형식을 변환할 수 있는 오버로드된 함수가 없습니다.
  (소스 파일 '/SimplecalDlg.cpp'을(를) 컴파일하는 중)
      C:\Program Files\Microsoft Visual Studio\2022\Community\VC\Tools\MSVC\14.43.34808\atlmfc\include\afxwin.h(3916,1):
      'CEdit::CEdit(const CEdit &)'일 수 있습니다.
          C:\Users\이민하\source\repos\Simplecal\Simplecal\SimplecalDlg.cpp(58,11):
          'CEdit::CEdit(const CEdit &)': 인수 1을(를) 'int'에서 'const CEdit &'(으)로 변환할 수 없습니다.
              C:\Users\이민하\source\repos\Simplecal\Simplecal\SimplecalDlg.cpp(58,12):
              원인: 'int'에서 'const CEdit'(으)로 변환할 수 없습니다.
      C:\Users\이민하\source\repos\Simplecal\Simplecal\SimplecalDlg.cpp(58,11):
      인수 목록 '(int)'을(를) 일치시키는 동안
  
C:\Users\이민하\source\repos\Simplecal\Simplecal\SimplecalDlg.cpp(67,19): error C2065: 'IDC_EDIT1': 선언되지 않은 식별자입니다.
  (소스 파일 '/SimplecalDlg.cpp'을(를) 컴파일하는 중)
  
C:\Users\이민하\source\repos\Simplecal\Simplecal\SimplecalDlg.cpp(68,19): error C2065: 'IDC_EDIT2': 선언되지 않은 식별자입니다.
  (소스 파일 '/SimplecalDlg.cpp'을(를) 컴파일하는 중)
  
C:\Users\이민하\source\repos\Simplecal\Simplecal\SimplecalDlg.cpp(69,19): error C2065: 'IDC_EDIT3': 선언되지 않은 식별자입니다.
  (소스 파일 '/SimplecalDlg.cpp'을(를) 컴파일하는 중)
  
C:\Users\이민하\source\repos\Simplecal\Simplecal\SimplecalDlg.cpp(70,16): error C2065: 'IDC_EDIT2': 선언되지 않은 식별자입니다.
  (소스 파일 '/SimplecalDlg.cpp'을(를) 컴파일하는 중)
  
C:\Users\이민하\source\repos\Simplecal\Simplecal\SimplecalDlg.cpp(71,16): error C2065: 'IDC_EDIT1': 선언되지 않은 식별자입니다.
  (소스 파일 '/SimplecalDlg.cpp'을(를) 컴파일하는 중)
  
C:\Users\이민하\source\repos\Simplecal\Simplecal\SimplecalDlg.cpp(72,16): error C2065: 'IDC_EDIT3': 선언되지 않은 식별자입니다.
  (소스 파일 '/SimplecalDlg.cpp'을(를) 컴파일하는 중)
  
C:\Users\이민하\source\repos\Simplecal\Simplecal\SimplecalDlg.cpp(73,16): error C2065: 'IDC_EDIT4': 선언되지 않은 식별자입니다.
  (소스 파일 '/SimplecalDlg.cpp'을(를) 컴파일하는 중)
  
C:\Users\이민하\source\repos\Simplecal\Simplecal\SimplecalDlg.cpp(74,16): error C2065: 'IDC_EDIT5': 선언되지 않은 식별자입니다.
  (소스 파일 '/SimplecalDlg.cpp'을(를) 컴파일하는 중)
  
C:\Users\이민하\source\repos\Simplecal\Simplecal\SimplecalDlg.cpp(75,16): error C2065: 'IDC_EDIT7': 선언되지 않은 식별자입니다.
  (소스 파일 '/SimplecalDlg.cpp'을(를) 컴파일하는 중)
  
C:\Users\이민하\source\repos\Simplecal\Simplecal\SimplecalDlg.cpp(76,16): error C2065: 'IDC_EDIT6': 선언되지 않은 식별자입니다.
  (소스 파일 '/SimplecalDlg.cpp'을(를) 컴파일하는 중)
  
C:\Users\이민하\source\repos\Simplecal\Simplecal\SimplecalDlg.cpp(77,19): error C2065: 'IDC_EDIT4': 선언되지 않은 식별자입니다.
  (소스 파일 '/SimplecalDlg.cpp'을(를) 컴파일하는 중)
  
C:\Users\이민하\source\repos\Simplecal\Simplecal\SimplecalDlg.cpp(78,19): error C2065: 'IDC_EDIT7': 선언되지 않은 식별자입니다.
  (소스 파일 '/SimplecalDlg.cpp'을(를) 컴파일하는 중)
  
C:\Users\이민하\source\repos\Simplecal\Simplecal\SimplecalDlg.cpp(79,19): error C2065: 'IDC_EDIT5': 선언되지 않은 식별자입니다.
  (소스 파일 '/SimplecalDlg.cpp'을(를) 컴파일하는 중)
  
C:\Users\이민하\source\repos\Simplecal\Simplecal\SimplecalDlg.cpp(80,19): error C2065: 'IDC_EDIT6': 선언되지 않은 식별자입니다.
  (소스 파일 '/SimplecalDlg.cpp'을(를) 컴파일하는 중)
  
C:\Users\이민하\source\repos\Simplecal\Simplecal\SimplecalDlg.cpp(91,2): error C2065: 'IDC_EDIT4': 선언되지 않은 식별자입니다.
  (소스 파일 '/SimplecalDlg.cpp'을(를) 컴파일하는 중)
  
C:\Users\이민하\source\repos\Simplecal\Simplecal\SimplecalDlg.cpp(86,1): error C2737: '_messageEntries': const 개체를 초기화해야 합니다
  (소스 파일 '/SimplecalDlg.cpp'을(를) 컴파일하는 중)
  
  코드를 생성하고 있습니다...
